<?xml version="1.0" encoding="UTF-8"?>
<testsuite name="com.cargo.aimanager.AimanagerApplicationTests" tests="1" skipped="0" failures="0" errors="0" timestamp="2025-08-17T21:15:11.699Z" hostname="DOGU" time="0.012">
  <properties/>
  <testcase name="contextLoads()" classname="com.cargo.aimanager.AimanagerApplicationTests" time="0.012"/>
  <system-out><![CDATA[]]></system-out>
  <system-err><![CDATA[]]></system-err>
</testsuite>
